0:100  0:100  MemLog inited, TSC freq: 2112714800
0:100  0:000  CPU was calibrated with RTC
0:100  0:000  CloverX64 : Image base = 0x7FBEC000
0:100  0:000  
0:100  0:000  Now is 26.02.2022,  04:27:44 (GMT)
0:100  0:000  Starting Clover revision: 5130 (master, commit 93196411a) on XXXXXX EFI
0:100  0:000  Build id: 20210211222703-9319641-5130-dirty
0:100  0:000  Build with: [Args: -D NO_GRUB_DRIVERS_EMBEDDED -D LESS_DEBUG -t GCC53 | -D NO_GRUB_DRIVERS_EMBEDDED -D LESS_DEBUG --conf=/Users/sergey/src/CloverBootloader/Conf -D USE_LOW_EBDA -a X64 -b RELEASE -t GCC53 -n 5 | OS: 10.14.6]
0:102  0:001  SimpleTextEx Status=Success
0:102  0:000  === [ GetDefaultSettings ] ======================
0:102  0:000  === [ Get Smbios ] ==============================
0:102  0:000  Type 16 Index = 0
0:102  0:000  Total Memory Slots Count = 2
0:102  0:000  Type 17 Index = 0
0:102  0:000  SmbiosTable.Type17->Speed = 2667MHz
0:102  0:000  SmbiosTable.Type17->Size = 4096MB
0:102  0:000  SmbiosTable.Type17->Bank/Device = BANK 0 ChannelA-DIMM0
0:102  0:000  SmbiosTable.Type17->Vendor = SK Hynix
0:102  0:000  SmbiosTable.Type17->SerialNumber = 00000000
0:102  0:000  SmbiosTable.Type17->PartNumber = H5AN8G6NCJR-VKC     
0:102  0:000  Type 17 Index = 1
0:102  0:000  SmbiosTable.Type17->Speed = 2667MHz
0:102  0:000  SmbiosTable.Type17->Size = 4096MB
0:102  0:000  SmbiosTable.Type17->Bank/Device = BANK 2 ChannelB-DIMM0
0:102  0:000  SmbiosTable.Type17->Vendor = SK Hynix
0:102  0:000  SmbiosTable.Type17->SerialNumber = 00000000
0:102  0:000  SmbiosTable.Type17->PartNumber = H5AN8G6NCJR-VKC     
0:102  0:000  Boot status=0
0:102  0:000  Running on: 'BOHB-WAX9' with board 'BOHB-WAX9-PCB'
0:102  0:000  === [ GetCPUProperties ] ========================
0:102  0:000  CPU Vendor = 756E6547 Model=806EC
0:102  0:000   The CPU supported SSE4.1
0:102  0:000  BrandString = Intel(R) Core(TM) i5-10210U CPU @ 1.60GHz
0:102  0:000   The CPU supported turbo
0:102  0:000   Energy PerfBias is  visible:
0:102  0:000  MSR 0x35               40008
0:102  0:000   TSC/CCC Information Leaf:
0:102  0:000    numerator     : 176
0:102  0:000    denominator   : 2
0:102  0:000   Calibrated ARTFrequency: 24008122
0:102  0:000   Rounded ARTFrequency: 24000000
0:102  0:000  MSR 0xE2 before patch 1E008008
0:102  0:000  MSR 0xE2 is locked, PM patches will be turned on
0:102  0:000  MSR 0xCE              0004043D_F1011500
0:102  0:000  corrected FLEX_RATIO = 100000
0:102  0:000  MSR 0x1B0             00000000
0:102  0:000  FSBFrequency = 76 MHz, DMI FSBFrequency = 100 MHz, Corrected FSBFrequency = 100 MHz
0:102  0:000  MaxDiv/MinDiv: 21.0/4
0:102  0:000  Turbo: 39/39/41/42
0:102  0:000  Features: 0x77FAFBBFBFEBFBFF
0:102  0:000  Threads: 8
0:102  0:000  Cores: 4
0:102  0:000  FSB: 100 MHz
0:102  0:000  CPU: 1584 MHz
0:102  0:000  TSC: 1584 MHz
0:102  0:000  PIS: 100 MHz
0:102  0:000  ExternalClock: 25 MHz
0:102  0:000  === [ GetDefaultCpuSettings ] ===================
0:102  0:000  === [ GetDevices ] ==============================
0:102  0:000  GOP found at: 
0:102  0:000  PCI (00|00:00.00) : 8086 9B61 class=060000
0:102  0:000  PCI (00|00:02.00) : 8086 9B41 class=030000
0:102  0:000   - GFX: Model=Intel UHD Graphics 620 (Intel)
0:102  0:000  PCI (00|00:04.00) : 8086 1903 class=118000
0:102  0:000  PCI (00|00:08.00) : 8086 1911 class=088000
0:102  0:000  PCI (00|00:12.00) : 8086 02F9 class=118000
0:102  0:000  PCI (00|00:14.00) : 8086 02ED class=0C0330
0:102  0:000  PCI (00|00:14.02) : 8086 02EF class=050000
0:102  0:000  PCI (00|00:14.03) : 8086 02F0 class=028000
0:102  0:000   - WIFI: Vendor= Intel
0:102  0:000  PCI (00|00:15.00) : 8086 02E8 class=0C8000
0:102  0:000  PCI (00|00:15.02) : 8086 02EA class=0C8000
0:102  0:000  PCI (00|00:16.00) : 8086 02E0 class=078000
0:102  0:000  PCI (00|00:17.00) : 8086 02D3 class=010601
0:102  0:000  PCI (00|00:19.00) : 8086 02C5 class=0C8000
0:102  0:000  PCI (00|00:1D.00) : 8086 02B0 class=060400
0:102  0:000  PCI (00|01:00.00) : 15B7 5002 class=010802
0:102  0:000  PCI (00|00:1E.00) : 8086 02A8 class=078000
0:102  0:000  PCI (00|00:1E.03) : 8086 02AB class=0C8000
0:103  0:000  PCI (00|00:1F.00) : 8086 0284 class=060100
0:103  0:000  PCI (00|00:1F.03) : 8086 02C8 class=040380
0:103  0:000  PCI (00|00:1F.04) : 8086 02A3 class=0C0500
0:103  0:000  PCI (00|00:1F.05) : 8086 02A4 class=0C8000
0:103  0:000  Clover load options size = 0 bytes
0:103  0:000  _checkOEMPath Look for oem dir at path '\EFI\CLOVER\OEM\BOHB-WAX9-PCB\UEFI'. Dir doesn't exist.
0:103  0:000  _checkOEMPath Look for oem dir at path '\EFI\CLOVER\OEM\BOHB-WAX9'. Dir doesn't exist.
0:103  0:000  _checkOEMPath Look for oem dir at path '\EFI\CLOVER\OEM\BOHB-WAX9-1584'. Dir doesn't exist.
0:103  0:000  _checkOEMPath Look for oem dir at path '\EFI\CLOVER\OEM\BOHB-WAX9-PCB'. Dir doesn't exist.
0:103  0:000  _checkOEMPath Look for oem dir at path '\EFI\CLOVER\OEM\BOHB-WAX9-PCB-1584'. Dir doesn't exist.
0:108  0:005  Using config.plist at path: \EFI\CLOVER
0:108  0:000  \EFI\CLOVER\config.plist  loaded: Success
0:108  0:000  === [ GetListOfThemes ] =========================
0:112  0:003  - [00]: blackMojave
0:115  0:003  - [01]: Bootcamp2k
0:124  0:008  - [02]: Bootcamp4k
0:131  0:006  - [03]: Catalina
0:138  0:006  - [04]: dell
0:144  0:006  - [05]: Hackintosh_ID
0:151  0:006  - [06]: mac_default_V
0:185  0:033  - [07]: SimpleThemeDark
0:188  0:003  === [ Found config plists ] =====================
0:188  0:000  - config_DW1820A.plist
0:188  0:000  - config.plist
0:188  0:000  === [ GetEarlyUserSettings ] ====================
0:188  0:000  timeout set to 5
0:188  0:000  Custom boot CUSTOM_BOOT_APPLE (0x0)
0:188  0:000  ForceKextsToLoad: 1 requested
0:188  0:000   - [1]: System\Library\Extensions\IONetworkingFamily.kext
0:188  0:000  KextsToPatch: 16 requested
0:188  0:000   - [00]: AppleIntelBDWGraphicsFramebuffer (DVMT for AppleIntelBDWGraphicsFramebuffer (Credits DalianSky) for 10.14.x) :: MatchOS: 10.14.x :: BinPatch :: data len: 5
0:188  0:000   - [01]: AppleIntelSKLGraphicsFramebuffer (DVMT for AppleIntelSKLGraphicsFramebuffer﻿ (Credits DalianSky) for 10.14.x) :: MatchOS: 10.14.x :: BinPatch :: data len: 5
0:188  0:000   - [02]: AppleIntelKBLGraph﻿icsFramebuffer﻿﻿﻿ (DVMT for AppleIntelKBLGraphicsFramebuffer﻿ (Credits DalianSky) for 10.14.x) :: MatchOS: 10.14.x :: BinPatch :: data len: 5
0:188  0:000   - [03]: AppleIntelCFLGraphicsFramebuffer (DVMT for AppleIntelCFLGraphicsFramebuffer﻿ (Credits DalianSky) for 10.14.x) :: MatchOS: 10.14.x :: BinPatch :: data len: 5
0:188  0:000   - [04]: AppleIntelCFLGraphicsFramebuffer (DVMT for AppleIntelCFLGraphicsFramebuffer﻿ (Credits DalianSky) for 10.14.x) :: MatchOS: 10.14.x :: BinPatch :: data len: 5
0:188  0:000   - [05]: AppleIntelLpssI2C (Disable AppleIntelLpssI2C (credit by Coolstar)) :: PlistPatch :: data len: 5
0:188  0:000   - [06]: AppleIntelLpssI2CController (Disable AppleIntelLpssI2CCOntroller (credit by Coolstar)) :: PlistPatch :: data len: 5
0:188  0:000   - [07]: IOBufferCopyController (disable IOBufferCopyController (Credit by DalianSky)) :: PlistPatch :: data len: 5
0:188  0:000   - [08]: com.apple.driver.usb.AppleUSBXHCI (10.13.x USB Port Limit Patch) :: MatchOS: 10.13.4,10.13.5 :: BinPatch :: data len: 10
0:188  0:000   - [09]: com.apple.driver.usb.AppleUSBXHCI (USB 10.13.6 by PMHeart) :: MatchOS: 10.13.6 :: BinPatch :: data len: 10
0:188  0:000   - [10]: com.apple.iokit.IOUSBHostFamily (USB Port limit patch 10.14.x 10.15.x #1 modify by DalianSky(credits PMheart)) :: BinPatch :: data len: 4
0:189  0:000   - [11]: com.apple.iokit.IOUSBHostFamily (USB port limit patch 10.14.x modify by DalianSky(credit PMHeart)) :: BinPatch :: data len: 4
0:189  0:000   - [12]: com.apple.driver.usb.AppleUSBXHCI (USB Port limit patch 10.15.x #1 modify by DalianSky) :: BinPatch :: data len: 4
0:189  0:000   - [13]: com.apple.driver.usb.AppleUSBXHCI (USB Port limit patch 10.14.x modify by DalianSky(credits PMheart)) :: BinPatch :: data len: 4
0:189  0:000   - [14]: com.apple.driver.usb.AppleUSBXHCI (USB Port limit patch 10.14.x modify by DalianSky(credits PMheart)) :: BinPatch :: data len: 4
0:189  0:000   - [15]: AppleIntelKBLGraph﻿icsFramebuffer﻿﻿﻿ (NoLabel) :: BinPatch :: data len: 6
0:189  0:000  KernelToPatch: 1 requested
0:189  0:000   - [00]: MSR 0xE2 _xcpm_idle instant reboot(c) Pike R. Alpha :: data len: 8
0:189  0:000  Default theme: Catalina
0:189  0:000  ** Warning: unknown custom entry Type 'Other'
0:189  0:000  === [ LoadDrivers ] =============================
0:195  0:006  Loading apfs.efi  status=Success
0:237  0:041   - driver needs connecting
0:237  0:000  Loading ApfsDriverLoader.efi  status=Success
0:241  0:003   - driver needs connecting
0:241  0:000  Loading DataHubDxe.efi  status=Success
0:248  0:007  Loading FSInject.efi  status=Success
0:252  0:003  Loading HFSPlus.efi  status=Success
0:255  0:003   - driver needs connecting
0:255  0:000  Loading MemoryAllocation.efi  status=Success
0:262  0:006  Loading NvmExpressDxe.efi  status=Success
0:265  0:003   - driver needs connecting
0:265  0:000  Loading PartitionDxe.efi  status=Success
0:269  0:003   - driver needs connecting
0:269  0:000  Loading SMCHelper.efi  status=Success
0:272  0:003  Loading VirtualSmc.efi  status=Success
0:280  0:007  5 drivers needs connecting ...
0:280  0:000  PlatformDriverOverrideProtocol->GetDriver overriden
0:280  0:000  Partition driver loaded: 
0:280  0:000  HFS+ driver loaded
0:280  0:000  APFS driver loaded
0:280  0:000  Searching for invalid DiskIo BY_DRIVER connects: not found, all ok
1:232  0:952  === [ InitScreen ] ==============================
1:232  0:000  Console modes reported: 7, available modes:
1:232  0:000   - [01]: 80x25
1:232  0:000   - [02]: 80x50
1:232  0:000   - [03]: 80x25
1:232  0:000   - [04]: 240x56 (current mode)
1:232  0:000   - [05]: 100x31
1:232  0:000   - [06]: 128x40
1:232  0:000   - [07]: 160x53
1:232  0:000  SetMaxResolution: found best mode 0: 1920x1080
1:232  0:000   - already set
1:233  0:000  SetScreenResolution: 1920x1080 - already set
1:233  0:000  === [ GetMacAddress ] ===========================
1:233  0:000  === [ ScanSPD ] =================================
1:233  0:000  Scanning SMBus [8086:02A3], mmio: 0xB122D004, ioport: 0xEFA0, hostc: 0x11
1:234  0:001  === [ GetAcpiTablesList ] =======================
1:234  0:000  Get Acpi Tables List from RSDT:
1:234  0:000   - [00]: FACP  CML-ULT len=268
1:234  0:000   - [01]: UEFI  H2O BIOS len=566
1:234  0:000   - [02]: SSDT  DptfTabl len=18147
1:234  0:000   - [03]: SSDT  CpuSsdt len=8365
1:234  0:000   - [04]: SSDT  SaSsdt  len=12762
1:234  0:000   - [05]: SSDT  Tpm2Tabl len=1114
1:234  0:000   - [06]: SSDT  MeSsdt  len=70
1:234  0:000   - [07]: TPM2  EDK2     len=52
1:234  0:000   - [08]: SSDT  WmiTable len=3233
1:234  0:000   - [09]: MSDM  H2O BIOS len=85
1:234  0:000   - [10]: LPIT  CML-ULT len=148
1:234  0:000   - [11]: WSMT  CML-ULT len=40
1:234  0:000   - [12]: SSDT  PtidDevc len=2836
1:234  0:000   - [13]: DBGP   len=52
1:234  0:000   - [14]: DBG2   len=84
1:234  0:000   - [15]: SSDT  UsbCTabl len=2975
1:234  0:000   - [16]: SSDT  xh_cmud4 len=12824
1:234  0:000   - [17]: NHLT  CML-ULT len=45
1:234  0:000   - [18]: HPET  CML-ULT len=56
1:234  0:000   - [19]: APIC  CML-ULT len=356
1:234  0:000   - [20]: MCFG  CML-ULT len=60
1:234  0:000   - [21]: SSDT  CML-ULT len=4029
1:234  0:000   - [22]: SSDT  SgRpSsdt len=4447
1:234  0:000   - [23]: SSDT  PcdTabl len=356
1:234  0:000   - [24]: DMAR  EDK2     len=168
1:234  0:000   - [25]: FPDT  CML-ULT len=68
1:234  0:000   - [26]: BGRT  H2O BIOS len=56
1:234  0:000  Calibrated TSC Frequency = 2112714800 = 2112MHz
1:234  0:000  === [ GetUserSettings ] =========================
1:234  0:000  Add 2 devices (kTagTypeDict):
1:234  0:000  USB FixOwnership: yes
1:234  0:000   - final DSDT Fix mask=10060054
1:234  0:000  PatchesDSDT: 5 requested
1:234  0:000   - [00]: (change EC0 to EC) lenToFind: 4, lenToReplace: 4
1:234  0:000   - [01]: (change H_EC to EC) lenToFind: 4, lenToReplace: 4
1:234  0:000   - [02]: (change ECDV to EC) lenToFind: 4, lenToReplace: 4
1:234  0:000   - [03]: (Fix AsRock Z390 BIOS DSDT Device(RTC) bug) lenToFind: 8, lenToReplace: 8
1:234  0:000   - [04]: (change _OSI to XOSI) lenToFind: 4, lenToReplace: 4
1:234  0:000  EnableC7: no
1:234  0:000  EnableC6: no
1:234  0:000  C3Latency: 250
1:234  0:000  MinMultiplier: 0
1:234  0:000  MaxMultiplier: 0
1:234  0:000  PluginType: 1
1:234  0:000  ResetVal: 0x0
1:234  0:000  Using ProductName from config: MacBookPro16,2
1:234  0:000  Using latest BiosVersion from config
1:234  0:000  BiosVersion: MBP162.88Z.F000.B00.2201062106
1:234  0:000  BiosReleaseDate: 01/06/2022
1:234  0:000  Using latest EfiVersion from config: 1715.81.2.0.0
1:234  0:000  Using FirmwareFeatures from config: 0xFFAFF06E
1:234  0:000  Using FirmwareFeaturesMask from config: 0xFFFFFF7F
1:234  0:000  Board-ID set from config as Mac-5F9802EFE386AA28
1:234  0:000  BoardType: 0xA
1:234  0:000  ChassisType: 0x9
1:234  0:000   - [00]: Drop table : 52414D44,                0 :  yes
1:234  0:000  Cannot find smbios.plist at path '\EFI\CLOVER' : Not Found
1:240  0:005  === [ Found DSDT tables ] =======================
1:243  0:003  === [ InitKextList ] ============================
1:388  0:145  === [ ScanVolumes ] =============================
1:388  0:000  Found 16 volumes with blockIO
1:388  0:000  - [00]: Volume: PciRoot(0x0)\Pci(0x1D,0x0)\Pci(0x0,0x0)\NVMe(0x1,F1-9F-55-44-8B-44-1B-00)
1:389  0:000  - [01]: Volume: PciRoot(0x0)\Pci(0x1D,0x0)\Pci(0x0,0x0)\NVMe(0x1,F1-9F-55-44-8B-44-1B-00)\HD(1,GPT,489ACEAC-0A14-4AE3-B2B7-E41C4BF9413E,0x800,0x32000)
1:389  0:000          Result of bootcode detection: bootable Windows (vista,win)
1:389  0:000            label : SYSTEM
1:389  0:000  - [02]: Volume: PciRoot(0x0)\Pci(0x1D,0x0)\Pci(0x0,0x0)\NVMe(0x1,F1-9F-55-44-8B-44-1B-00)\HD(2,GPT,079BD96C-1654-4348-A081-2828F4ECC4DA,0x32800,0x8000)
1:389  0:000  - [03]: Volume: PciRoot(0x0)\Pci(0x1D,0x0)\Pci(0x0,0x0)\NVMe(0x1,F1-9F-55-44-8B-44-1B-00)\HD(3,GPT,D2C4D5EC-D0CE-4FC1-857A-3B22C8926264,0x3A800,0xF000000)
1:390  0:000          Result of bootcode detection: bootable Windows (vista,win)
1:390  0:000  - [04]: Volume: PciRoot(0x0)\Pci(0x1D,0x0)\Pci(0x0,0x0)\NVMe(0x1,F1-9F-55-44-8B-44-1B-00)\HD(4,GPT,9C7DAD2B-BC36-4E8B-A6F6-4AD9970993AA,0xF03A800,0xCD78000)
1:390  0:000          Result of bootcode detection: bootable unknown (legacy)
1:390  0:000  - [05]: Volume: PciRoot(0x0)\Pci(0x1D,0x0)\Pci(0x0,0x0)\NVMe(0x1,F1-9F-55-44-8B-44-1B-00)\HD(5,GPT,9323FE1C-9C40-4770-A192-F4B02B8056DF,0x1BDF3000,0x100000)
1:390  0:000          Result of bootcode detection: bootable Windows (vista,win)
1:390  0:000            label : WINPE
1:390  0:000  - [06]: Volume: PciRoot(0x0)\Pci(0x1D,0x0)\Pci(0x0,0x0)\NVMe(0x1,F1-9F-55-44-8B-44-1B-00)\HD(6,GPT,A8FB4239-4AB9-4A93-A832-01DAFDBA99B5,0x1BEF3000,0x1C00000)
1:391  0:000          Result of bootcode detection: bootable Windows (vista,win)
1:391  0:000  - [07]: Volume: PciRoot(0x0)\Pci(0x1D,0x0)\Pci(0x0,0x0)\NVMe(0x1,F1-9F-55-44-8B-44-1B-00)\HD(7,GPT,62FBF089-2F68-479C-BBFC-B5910F202A24,0x1DAF3000,0x200000)
1:391  0:000          Result of bootcode detection: bootable Windows (vista,win)
1:391  0:000  - [08]: Volume: PciRoot(0x0)\Pci(0x14,0x0)\USB(0x4,0x0)
1:392  0:000          Result of bootcode detection: bootable unknown (legacy)
1:392  0:000  - [09]: Volume: PciRoot(0x0)\Pci(0x14,0x0)\USB(0x4,0x0)\HD(1,MBR,0x00009606,0x3F,0x64000)
1:392  0:000          Result of bootcode detection: bootable unknown (legacy)
1:396  0:003            label : BDU
1:396  0:000          This is SelfVolume !!
1:396  0:000  - [10]: Volume: PciRoot(0x0)\Pci(0x14,0x0)\USB(0x4,0x0)\HD(2,MBR,0x00009606,0x6403F,0x70DFC1)
1:396  0:000  - [11]: Volume: PciRoot(0x0)\Pci(0x1D,0x0)\Pci(0x0,0x0)\NVMe(0x1,F1-9F-55-44-8B-44-1B-00)\HD(4,GPT,9C7DAD2B-BC36-4E8B-A6F6-4AD9970993AA,0xF03A800,0xCD78000)\VenMedia(BE74FCF7-0B7C-49F3-9147-01F4042E6842,38164DC86076CF42BF277F548F22C1A8)
1:396  0:000            apfsFileSystemUUID=C84D1638-7660-42CF-BF27-7F548F22C1A8, ApfsContainerUUID=76CE20B7-801C-4DF0-A1E5-CD6C70C08198, ApfsRole=0x10
1:396  0:000            label : Preboot
1:396  0:000  - [12]: Volume: PciRoot(0x0)\Pci(0x1D,0x0)\Pci(0x0,0x0)\NVMe(0x1,F1-9F-55-44-8B-44-1B-00)\HD(4,GPT,9C7DAD2B-BC36-4E8B-A6F6-4AD9970993AA,0xF03A800,0xCD78000)\VenMedia(BE74FCF7-0B7C-49F3-9147-01F4042E6842,7647435584473C38A64007DB4D0F24B5)
1:397  0:000            apfsFileSystemUUID=55434776-4784-383C-A640-07DB4D0F24B5, ApfsContainerUUID=76CE20B7-801C-4DF0-A1E5-CD6C70C08198, ApfsRole=0x40
1:401  0:004            label : Macintosh - Datos
1:401  0:000  - [13]: Volume: PciRoot(0x0)\Pci(0x1D,0x0)\Pci(0x0,0x0)\NVMe(0x1,F1-9F-55-44-8B-44-1B-00)\HD(4,GPT,9C7DAD2B-BC36-4E8B-A6F6-4AD9970993AA,0xF03A800,0xCD78000)\VenMedia(BE74FCF7-0B7C-49F3-9147-01F4042E6842,13EC39025C7B9A4B874F970E360B4843)
1:401  0:000            apfsFileSystemUUID=0239EC13-7B5C-4B9A-874F-970E360B4843, ApfsContainerUUID=76CE20B7-801C-4DF0-A1E5-CD6C70C08198, ApfsRole=0x4
1:401  0:000            label : Recovery
1:401  0:000  - [14]: Volume: PciRoot(0x0)\Pci(0x1D,0x0)\Pci(0x0,0x0)\NVMe(0x1,F1-9F-55-44-8B-44-1B-00)\HD(4,GPT,9C7DAD2B-BC36-4E8B-A6F6-4AD9970993AA,0xF03A800,0xCD78000)\VenMedia(BE74FCF7-0B7C-49F3-9147-01F4042E6842,D0A0C3259D741046BA2076B06F4C6916)
1:401  0:000            apfsFileSystemUUID=25C3A0D0-749D-4610-BA20-76B06F4C6916, ApfsContainerUUID=76CE20B7-801C-4DF0-A1E5-CD6C70C08198, ApfsRole=0x8
1:401  0:000            label : VM
1:401  0:000  - [15]: Volume: PciRoot(0x0)\Pci(0x1D,0x0)\Pci(0x0,0x0)\NVMe(0x1,F1-9F-55-44-8B-44-1B-00)\HD(4,GPT,9C7DAD2B-BC36-4E8B-A6F6-4AD9970993AA,0xF03A800,0xCD78000)\VenMedia(BE74FCF7-0B7C-49F3-9147-01F4042E6842,5F7FDA7DB3A94040A24512CE962885C4)
1:401  0:000            apfsFileSystemUUID=7DDA7F5F-A9B3-4040-A245-12CE962885C4, ApfsContainerUUID=76CE20B7-801C-4DF0-A1E5-CD6C70C08198, ApfsRole=0xc0
1:402  0:000            label : Update
1:402  0:000  No AudioIoProtocols, status=Not Found
1:402  0:000  === [ InitXTheme ] ==============================
1:402  0:000  use Daylight theme
1:406  0:003  Using theme 'Catalina' (Catalina)
1:406  0:000  chosen theme Catalina
1:406  0:000  OS main and drive as badge
1:512  0:106  sound play end with status=Device Error
1:513  0:001  theme inited
1:513  0:000  Chosen theme Catalina
1:513  0:000  found boot-args in NVRAM:-v -revsbvmm alcid=1 watchdog=0 agdpmod=pikera dk.e1000=0, size=58
1:513  0:000  ...found arg:-v
1:513  0:000  ...found arg:-revsbvmm
1:513  0:000  ...adding arg:-revsbvmm
1:513  0:000  ...found arg:alcid=1
1:513  0:000  ...adding arg:alcid=1
1:513  0:000  ...found arg:watchdog=0
1:513  0:000  ...adding arg:watchdog=0
1:514  0:000  ...found arg:agdpmod=pikera
1:514  0:000  ...adding arg:agdpmod=pikera
1:514  0:000  ...found arg:dk.e1000=0
1:514  0:000  ...adding arg:dk.e1000=0
1:514  0:000  after NVRAM boot-args=-v debug=0x100 dart=0 keepsyms=1 -no_compat_check slide=0 -lilubetaall brcmfx-country=#a -revsbvmm alcid=1 watchdog=0 agdpmod=pikera dk.e1000=0 
1:514  0:000  === [ Dump SMC keys from NVRAM ] ================
1:514  0:000  found AppleSMC protocol
1:517  0:003  === [ AddCustomEntries ] ========================
1:517  0:000  === [ ScanLoader ] ==============================
1:517  0:000  - [01]: 'SYSTEM'
1:519  0:001        AddLoaderEntry for Volume Name=SYSTEM, idx=0
1:519  0:000        Not match custom entry 0: Type: not match
1:519  0:000        OSVersion= 
1:519  0:000        IconName=vista,win comma=5 size=9
1:519  0:000        first=os_vista
1:519  0:000        Loader entry created for 'PciRoot(0x0)\Pci(0x1D,0x0)\Pci(0x0,0x0)\NVMe(0x1,F1-9F-55-44-8B-44-1B-00)\HD(1,GPT,489ACEAC-0A14-4AE3-B2B7-E41C4BF9413E,0x800,0x32000)\EFI\microsoft\Boot\bootmgfw.efi'
1:520  0:000        Menu entry added at index 0
1:521  0:000        AddLoaderEntry for Volume Name=SYSTEM, idx=1
1:521  0:000        Hidden because matching custom entry 0!
1:521  0:000        OSVersion= 
1:521  0:000        IconName=unknown comma=-1 size=7
1:521  0:000        Full=unknown
1:521  0:000        Loader entry created for 'PciRoot(0x0)\Pci(0x1D,0x0)\Pci(0x0,0x0)\NVMe(0x1,F1-9F-55-44-8B-44-1B-00)\HD(1,GPT,489ACEAC-0A14-4AE3-B2B7-E41C4BF9413E,0x800,0x32000)\EFI\BOOT\BOOTX64.efi'
1:521  0:000        Menu entry added at index 1
1:521  0:000       hiding entry because DiskKind is DISK_KIND_INTERNAL: \EFI\BOOT\BOOTX64.efi
1:521  0:000  - [05]: 'WINPE'
1:523  0:002        AddLoaderEntry for Volume Name=WINPE, idx=2
1:523  0:000        Hidden because matching custom entry 0!
1:523  0:000        OSVersion= 
1:523  0:000        IconName=unknown comma=-1 size=7
1:523  0:000        Full=unknown
1:523  0:000        Loader entry created for 'PciRoot(0x0)\Pci(0x1D,0x0)\Pci(0x0,0x0)\NVMe(0x1,F1-9F-55-44-8B-44-1B-00)\HD(5,GPT,9323FE1C-9C40-4770-A192-F4B02B8056DF,0x1BDF3000,0x100000)\EFI\BOOT\BOOTX64.efi'
1:524  0:000        Menu entry added at index 2
1:524  0:000       hiding entry because DiskKind is DISK_KIND_INTERNAL: \EFI\BOOT\BOOTX64.efi
1:524  0:000  - [09]: 'BDU'
1:527  0:003        AddLoaderEntry for Volume Name=BDU, idx=3
1:527  0:000        Hidden because matching custom entry 0!
1:527  0:000        OSVersion= 
1:527  0:000        IconName=unknown comma=-1 size=7
1:527  0:000        Full=unknown
1:527  0:000        Loader entry created for 'PciRoot(0x0)\Pci(0x14,0x0)\USB(0x4,0x0)\HD(1,MBR,0x00009606,0x3F,0x64000)\EFI\BOOT\BOOTX64.efi'
1:527  0:000        Menu entry added at index 3
1:527  0:000       hiding entry because DiskKind is DISK_KIND_EXTERNAL: \EFI\BOOT\BOOTX64.efi
1:527  0:000  - [11]: 'Preboot'
1:527  0:000      ApfsContainerUUID=76CE20B7-801C-4DF0-A1E5-CD6C70C08198
1:527  0:000      ApfsFileSystemUUID=C84D1638-7660-42CF-BF27-7F548F22C1A8
1:527  0:000      APFSTargetUUID=55434776-4784-383C-A640-07DB4D0F24B5
1:528  0:000        AddLoaderEntry for Volume Name=Preboot, idx=4
1:528  0:000        Not match custom entry 0: Type: not match
1:528  0:000        OSVersion=11.6.4 
1:528  0:000      hibernated: set as never
1:528  0:000        IconName=bigsur,mac comma=6 size=10
1:528  0:000        first=os_bigsur
1:528  0:000        Loader entry created for 'PciRoot(0x0)\Pci(0x1D,0x0)\Pci(0x0,0x0)\NVMe(0x1,F1-9F-55-44-8B-44-1B-00)\HD(4,GPT,9C7DAD2B-BC36-4E8B-A6F6-4AD9970993AA,0xF03A800,0xCD78000)\VenMedia(BE74FCF7-0B7C-49F3-9147-01F4042E6842,38164DC86076CF42BF277F548F22C1A8)\55434776-4784-383C-A640-07DB4D0F24B5\System\Library\CoreServices\boot.efi'
1:529  0:000        Menu entry added at index 4
1:529  0:000  - [12]: 'Macintosh - Datos'
1:529  0:000      ApfsContainerUUID=76CE20B7-801C-4DF0-A1E5-CD6C70C08198
1:529  0:000      ApfsFileSystemUUID=55434776-4784-383C-A640-07DB4D0F24B5
1:529  0:000  - [13]: 'Recovery'
1:529  0:000      ApfsContainerUUID=76CE20B7-801C-4DF0-A1E5-CD6C70C08198
1:529  0:000      ApfsFileSystemUUID=0239EC13-7B5C-4B9A-874F-970E360B4843
1:529  0:000      APFSTargetUUID=55434776-4784-383C-A640-07DB4D0F24B5
1:530  0:000        AddLoaderEntry for Volume Name=Recovery, idx=5
1:530  0:000        Not match custom entry 0: Type: not match
1:530  0:000        OSVersion=11.6.4 
1:530  0:000        IconName=bigsur,mac comma=6 size=10
1:530  0:000        first=os_bigsur
1:530  0:000        Loader entry created for 'PciRoot(0x0)\Pci(0x1D,0x0)\Pci(0x0,0x0)\NVMe(0x1,F1-9F-55-44-8B-44-1B-00)\HD(4,GPT,9C7DAD2B-BC36-4E8B-A6F6-4AD9970993AA,0xF03A800,0xCD78000)\VenMedia(BE74FCF7-0B7C-49F3-9147-01F4042E6842,13EC39025C7B9A4B874F970E360B4843)\55434776-4784-383C-A640-07DB4D0F24B5\BaseSystem.dmg'
1:530  0:000        Menu entry added at index 5
1:530  0:000  - [14]: 'VM'
1:530  0:000      ApfsContainerUUID=76CE20B7-801C-4DF0-A1E5-CD6C70C08198
1:530  0:000      ApfsFileSystemUUID=25C3A0D0-749D-4610-BA20-76B06F4C6916
1:531  0:000  - [15]: 'Update'
1:531  0:000      ApfsContainerUUID=76CE20B7-801C-4DF0-A1E5-CD6C70C08198
1:531  0:000      ApfsFileSystemUUID=7DDA7F5F-A9B3-4040-A245-12CE962885C4
1:531  0:000  Entries list before ordering
1:531  0:000      Entry 0 : Boot Microsoft EFI Boot from SYSTEM
1:531  0:000      Entry 1 : Boot UEFI internal from SYSTEM (hidden)
1:531  0:000      Entry 2 : Boot UEFI internal from WINPE (hidden)
1:531  0:000      Entry 3 : Boot UEFI external from BDU (hidden)
1:531  0:000      Entry 4 : Boot Mac OS X from Macintosh - Datos via Preboot
1:531  0:000      Entry 5 : Boot Mac OS X Recovery for Macintosh - Datos via Recovery
1:531  0:000  Entries after before ordering
1:531  0:000    Entry 0 : Boot Microsoft EFI Boot from SYSTEM
1:531  0:000    Entry 1 : Boot UEFI internal from SYSTEM (hidden)
1:531  0:000    Entry 2 : Boot UEFI internal from WINPE (hidden)
1:531  0:000    Entry 3 : Boot UEFI external from BDU (hidden)
1:531  0:000    Entry 4 : Boot Mac OS X from Macintosh - Datos via Preboot
1:531  0:000    Entry 5 : Boot Mac OS X Recovery for Macintosh - Datos via Recovery
1:531  0:000  === [ AddCustomTool ] ===========================
1:535  0:003  === [ GetEfiBootDeviceFromNvram ] ===============
1:535  0:000   - efi-boot-device-data: PciRoot(0x0)\Pci(0x1D,0x0)\Pci(0x0,0x0)\NVMe(0x1,F1-9F-55-44-8B-44-1B-00)\HD(4,GPT,9C7DAD2B-BC36-4E8B-A6F6-4AD9970993AA,0xF03A800,0xCD78000)\VenMedia(BE74FCF7-0B7C-49F3-9147-01F4042E6842,38164DC86076CF42BF277F548F22C1A8)\55434776-4784-383C-A640-07DB4D0F24B5\System\Library\CoreServices\boot.efi
1:535  0:000    - Volume: 'PciRoot(0x0)\Pci(0x1D,0x0)\Pci(0x0,0x0)\NVMe(0x1,F1-9F-55-44-8B-44-1B-00)\HD(4,GPT,9C7DAD2B-BC36-4E8B-A6F6-4AD9970993AA,0xF03A800,0xCD78000)\VenMedia(BE74FCF7-0B7C-49F3-9147-01F4042E6842,38164DC86076CF42BF277F548F22C1A8)'
1:535  0:000    - LoaderPath: '\55434776-4784-383C-A640-07DB4D0F24B5\System\Library\CoreServices\boot.efi'
1:535  0:000    - Guid = 9C7DAD2B-BC36-4E8B-A6F6-4AD9970993AA
1:535  0:000  === [ FindStartupDiskVolume ] ===================
1:535  0:000    - Volume: partition = PciRoot(0x0)\Pci(0x1D,0x0)\Pci(0x0,0x0)\NVMe(0x1,F1-9F-55-44-8B-44-1B-00)\HD(4,GPT,9C7DAD2B-BC36-4E8B-A6F6-4AD9970993AA,0xF03A800,0xCD78000)\VenMedia(BE74FCF7-0B7C-49F3-9147-01F4042E6842,38164DC86076CF42BF277F548F22C1A8)
1:535  0:000     - searching for that partition and loader '\55434776-4784-383C-A640-07DB4D0F24B5\System\Library\CoreServices\boot.efi'
1:535  0:000    checking 'PciRoot(0x0)/Pci(0x1D,0x0)/Pci(0x0,0x0)/NVMe(0x1,F1-9F-55-44-8B-44-1B-00)/HD(4,GPT,9C7DAD2B-BC36-4E8B-A6F6-4AD9970993AA,0xF03A800,0xCD78000)/VenMedia(BE74FCF7-0B7C-49F3-9147-01F4042E6842,38164DC86076CF42BF277F548F22C1A8)'
1:535  0:000     '\55434776-4784-383C-A640-07DB4D0F24B5\System\Library\CoreServices\boot.efi'
1:535  0:000      - found entry 1. 'Boot Mac OS X from Macintosh - Datos via Preboot', Volume 'Preboot', '\55434776-4784-383C-A640-07DB4D0F24B5\System\Library\CoreServices\boot.efi'
1:535  0:000  Boot redirected to Entry 1. 'Boot Mac OS X from Macintosh - Datos via Preboot'
1:535  0:000  BannerPlace at Clear Screen [924,280]
1:637  0:102  AnimeRun=0
1:677  0:040  GUI ready
5:025  3:347  AnimeRun=0
8:992  3:967  AnimeRun=0
19:633  10:641   get MainChosenEntry FlagsBits = 0x3
19:633  0:000   boot with args: -v slide=0 keepsyms=1 debug=0x100
20:454  0:820   get NextChosenEntry FlagsBits = 0x2523
47:667  27:212   get MainChosenEntry FlagsBits = 0x3
47:667  0:000   boot with args: -v debug=0x100 dart=0 keepsyms=1 -no_compat_check slide=0 -lilubetaall brcmfx-country=#a -revsbvmm alcid=1 watchdog=0 agdpmod=pikera dk.e1000=0
47:667  0:000  Boot option Boot0000 not found
47:667  0:000  === [ StartLoader ] =============================
47:667  0:000  Starting PciRoot(0x0)\Pci(0x1D,0x0)\Pci(0x0,0x0)\NVMe(0x1,F1-9F-55-44-8B-44-1B-00)\HD(4,GPT,9C7DAD2B-BC36-4E8B-A6F6-4AD9970993AA,0xF03A800,0xCD78000)\VenMedia(BE74FCF7-0B7C-49F3-9147-01F4042E6842,38164DC86076CF42BF277F548F22C1A8)\55434776-4784-383C-A640-07DB4D0F24B5\System\Library\CoreServices\boot.efi
47:667  0:000  Finally: ExternalClock=26MHz BusSpeed=100606kHz CPUFreq=2113MHz PIS: hw.busfrequency=104000000Hz
47:667  0:000  Beginning OC
47:667  0:000  OCCPU: TSC Adjust 0
47:667  0:000  OCCPU: Known Model Core Crystal Clock Frequency    24000000Hz
47:667  0:000  OCCPU: CPUFrequencyFromART  2112000000Hz  2112MHz = 24000000 * 176 / 2
47:667  0:000  OCST: Missing vault data, ignoring...
47:667  0:000  config-oc.plist isn't use at all
47:667  0:000    Force kext: System\Library\Extensions\IONetworkingFamily.kext
47:667  0:000  Failed to load extra kext : System\Library\Extensions\IONetworkingFamily.kext\Info.plist status=Not Found
47:667  0:000  AddKextsInArray from Other
47:667  0:000  ->Extra kext: Other\CodecCommander.kext (v.2.7.2)
47:667  0:000  ->Extra kext: Other\CPUFriend.kext (v.1.2.0)
47:667  0:000  ->Extra kext: Other\CPUFriendDataProvider.kext (v.1.0.0)
47:667  0:000  ->Extra kext: Other\Display-hidpi-9cf2-.kext (v.9.9.9)
47:667  0:000  ->Extra kext: Other\HibernationFixup.kext (v.1.3.2)
47:667  0:000  ->Extra kext: Other\IntelBluetoothFirmware.kext (v.1.0.2)
47:667  0:000  ->Extra kext: Other\IntelBluetoothInjector.kext (v.2.5.0)
47:667  0:000  ->Extra kext: Other\SMCBatteryManager.kext (v.1)
47:667  0:000  ->Extra kext: Other\SMCLightSensor.kext (v.1)
47:667  0:000  ->Extra kext: Other\SMCProcessor.kext (v.1.1.1)
47:667  0:000  ->Extra kext: Other\SMCSuperIO.kext (v.1.1.1)
47:667  0:000  ->Extra kext: Other\USBPorts.kext (v.1.0)
47:667  0:000  ->Extra kext: Other\VirtualSMC.kext (v.1.1.1)
47:667  0:000  ->Extra kext: Other\VoodooPS2Controller.kext (v.2.1.1)
47:667  0:000      |-- PlugIn kext: Other\VoodooPS2Controller.kext\Contents\PlugIns\VoodooPS2Keyboard.kext (v.2.1.1)
47:667  0:000      |-- PlugIn kext: Other\VoodooPS2Controller.kext\Contents\PlugIns\VoodooPS2Keyboard.kext.dSYM (v.2.1.1)
47:667  0:000      |-- PlugIn kext: Other\VoodooPS2Controller.kext\Contents\PlugIns\VoodooPS2Mouse.kext (v.2.1.1)
47:667  0:000      |-- PlugIn kext: Other\VoodooPS2Controller.kext\Contents\PlugIns\VoodooPS2Mouse.kext.dSYM (v.2.1.1)
47:667  0:000      |-- PlugIn kext: Other\VoodooPS2Controller.kext\Contents\PlugIns\VoodooPS2Trackpad.kext (v.2.1.1)
47:667  0:000      |-- PlugIn kext: Other\VoodooPS2Controller.kext\Contents\PlugIns\VoodooPS2Trackpad.kext.dSYM (v.2.1.1)
47:667  0:000  ->Extra kext: Other\AirportItlwm.kext (v.2.1.0)
47:667  0:000  ->Extra kext: Other\AppleALC.kext (v.1.6.9)
47:667  0:000  ->Extra kext: Other\WhateverGreen.kext (v.1.5.7)
47:667  0:000  ->Extra kext: Other\Lilu.kext (v.1.6.0)
47:667  0:000  GetOtherKextsDir(FALSE) return NULL
47:667  0:000  AddKextsInArray from 11
47:667  0:000  AddKextsInArray from 11_normal
47:667  0:000  AddKextsInArray from 11.6
47:667  0:000  AddKextsInArray from 11.6_normal
47:667  0:000  AddKextsInArray from 11.6.4
47:667  0:000  AddKextsInArray from 11.6.4_normal
47:667  0:000  Bridge kext to OC : Path=Lilu.kext
47:667  0:000  info plist path: Kexts\Other\Lilu.kext\Contents\Info.plist
47:671  0:004  assign executable as 'Contents\MacOS\Lilu'
47:671  0:000  Bridge kext to OC : Path=VirtualSMC.kext
47:671  0:000  info plist path: Kexts\Other\VirtualSMC.kext\Contents\Info.plist
47:676  0:004  assign executable as 'Contents\MacOS\VirtualSMC'
47:676  0:000  Bridge kext to OC : Path=WhateverGreen.kext
47:676  0:000  info plist path: Kexts\Other\WhateverGreen.kext\Contents\Info.plist
47:677  0:000  assign executable as 'Contents\MacOS\WhateverGreen'
47:677  0:000  Bridge kext to OC : Path=AppleALC.kext
47:677  0:000  info plist path: Kexts\Other\AppleALC.kext\Contents\Info.plist
47:715  0:038  assign executable as 'Contents\MacOS\AppleALC'
47:715  0:000  Bridge kext to OC : Path=SMCProcessor.kext
47:715  0:000  info plist path: Kexts\Other\SMCProcessor.kext\Contents\Info.plist
47:715  0:000  assign executable as 'Contents\MacOS\SMCProcessor'
47:715  0:000  Bridge kext to OC : Path=SMCSuperIO.kext
47:715  0:000  info plist path: Kexts\Other\SMCSuperIO.kext\Contents\Info.plist
47:715  0:000  assign executable as 'Contents\MacOS\SMCSuperIO'
47:715  0:000  Bridge kext to OC : Path=USBPorts.kext
47:715  0:000  info plist path: Kexts\Other\USBPorts.kext\Contents\Info.plist
47:715  0:000  Bridge kext to OC : Path=CodecCommander.kext
47:716  0:000  info plist path: Kexts\Other\CodecCommander.kext\Contents\Info.plist
47:716  0:000  assign executable as 'Contents\MacOS\CodecCommander'
47:716  0:000  Bridge kext to OC : Path=CPUFriend.kext
47:716  0:000  info plist path: Kexts\Other\CPUFriend.kext\Contents\Info.plist
47:716  0:000  assign executable as 'Contents\MacOS\CPUFriend'
47:716  0:000  Bridge kext to OC : Path=CPUFriendDataProvider.kext
47:716  0:000  info plist path: Kexts\Other\CPUFriendDataProvider.kext\Contents\Info.plist
47:716  0:000  Bridge kext to OC : Path=Display-hidpi-9cf2-.kext
47:716  0:000  info plist path: Kexts\Other\Display-hidpi-9cf2-.kext\Contents\Info.plist
47:716  0:000  Bridge kext to OC : Path=HibernationFixup.kext
47:716  0:000  info plist path: Kexts\Other\HibernationFixup.kext\Contents\Info.plist
47:716  0:000  assign executable as 'Contents\MacOS\HibernationFixup'
47:716  0:000  Bridge kext to OC : Path=IntelBluetoothFirmware.kext
47:716  0:000  info plist path: Kexts\Other\IntelBluetoothFirmware.kext\Contents\Info.plist
47:717  0:000  assign executable as 'Contents\MacOS\IntelBluetoothFirmware'
47:717  0:000  Bridge kext to OC : Path=IntelBluetoothInjector.kext
47:717  0:000  info plist path: Kexts\Other\IntelBluetoothInjector.kext\Contents\Info.plist
47:724  0:007  Bridge kext to OC : Path=SMCBatteryManager.kext
47:724  0:000  info plist path: Kexts\Other\SMCBatteryManager.kext\Contents\Info.plist
47:724  0:000  assign executable as 'Contents\MacOS\SMCBatteryManager'
47:724  0:000  Bridge kext to OC : Path=SMCLightSensor.kext
47:724  0:000  info plist path: Kexts\Other\SMCLightSensor.kext\Contents\Info.plist
47:724  0:000  assign executable as 'Contents\MacOS\SMCLightSensor'
47:724  0:000  Bridge kext to OC : Path=VoodooPS2Controller.kext
47:724  0:000  info plist path: Kexts\Other\VoodooPS2Controller.kext\Contents\Info.plist
47:728  0:003  assign executable as 'Contents\MacOS\VoodooPS2Controller'
47:728  0:000  Bridge kext to OC : Path=VoodooPS2Keyboard.kext
47:731  0:003  info plist path: Kexts\Other\VoodooPS2Controller.kext\Contents\PlugIns\VoodooPS2Keyboard.kext\Contents\Info.plist
47:735  0:003  assign executable as 'Contents\MacOS\VoodooPS2Keyboard'
47:735  0:000  Bridge kext to OC : Path=VoodooPS2Keyboard.kext.dSYM
47:735  0:000  info plist path: Kexts\Other\VoodooPS2Controller.kext\Contents\PlugIns\VoodooPS2Keyboard.kext.dSYM\Contents\Info.plist
47:735  0:000  Bridge kext to OC : Path=VoodooPS2Mouse.kext
47:735  0:000  info plist path: Kexts\Other\VoodooPS2Controller.kext\Contents\PlugIns\VoodooPS2Mouse.kext\Contents\Info.plist
47:738  0:003  assign executable as 'Contents\MacOS\VoodooPS2Mouse'
47:738  0:000  Bridge kext to OC : Path=VoodooPS2Mouse.kext.dSYM
47:738  0:000  info plist path: Kexts\Other\VoodooPS2Controller.kext\Contents\PlugIns\VoodooPS2Mouse.kext.dSYM\Contents\Info.plist
47:738  0:000  Bridge kext to OC : Path=VoodooPS2Trackpad.kext
47:738  0:000  info plist path: Kexts\Other\VoodooPS2Controller.kext\Contents\PlugIns\VoodooPS2Trackpad.kext\Contents\Info.plist
47:742  0:003  assign executable as 'Contents\MacOS\VoodooPS2Trackpad'
47:742  0:000  Bridge kext to OC : Path=VoodooPS2Trackpad.kext.dSYM
47:742  0:000  info plist path: Kexts\Other\VoodooPS2Controller.kext\Contents\PlugIns\VoodooPS2Trackpad.kext.dSYM\Contents\Info.plist
47:742  0:000  Bridge kext to OC : Path=AirportItlwm.kext
47:742  0:000  info plist path: Kexts\Other\AirportItlwm.kext\Contents\Info.plist
47:742  0:000  assign executable as 'Contents\MacOS\AirportItlwm'
47:742  0:000  TODO !!!!!!!! Bridge force kext to OC : System\Library\Extensions\IONetworkingFamily.kext
47:742  0:000  Load OpenRuntime.efi : Status Not Found
47:742  0:000  Start OpenRuntime.efi : Status Invalid Parameter
47:742  0:000  OC: OcMiscEarlyInit...
47:742  0:000  OC: Watchdog status is 1
47:742  0:000  OC: OpenCore DBG-061-2021-02-14 is loading in Optional mode (0/0)...
47:743  0:000  OC: Boot timestamp - 2022.02.26 04:28:31
47:743  0:000  OCCPU: Found Intel(R) Core(TM) i5-10210U CPU @ 1.60GHz
47:743  0:000  OCCPU: Signature 806EC Stepping C Model 8E Family 6 Type 0 ExtModel 8 ExtFamily 0 uCode D6
47:743  0:000  OCCPU: EIST CFG Lock 1
47:743  0:000  OCCPU: Discovered CpuFamily 6 CpuModel 142 CpuStepping 12 CpuGeneration 10
47:743  0:000  OCCPU: Ratio Min 4 Max 21 Current 39 Turbo 42 41 39 39
47:743  0:000  OCCPU: Detected Apple Processor Type: 06 -> 0609
47:743  0:000  OCCPU: CPUFrequencyFromTSC           0Hz     0MHz
47:743  0:000  OCCPU: CPUFrequency  2112000000Hz  2112MHz
47:743  0:000  OCCPU: FSBFrequency   100571428Hz   100MHz
47:743  0:000  OCCPU: Pkg 0 Cores 4 Threads 8
47:743  0:000  OC: OcLoadNvramSupport...
47:743  0:000  OC: Current version is DBG-061-2021-02-14
47:743  0:000  OC: OcMiscMiddleInit...
47:743  0:000  OC: LoadHandle 0 with BootProtect in  mode - Unsupported
47:743  0:000  OC: OcLoadUefiSupport...
47:743  0:000  OcAppleEventInstallProtocol
47:743  0:000  InternalCreateQueueEvent
47:743  0:000  EventCreateSimplePointerInstallNotifyEvent
47:743  0:000  InternalSimplePointerInstallNotifyFunction
47:743  0:000  InternalRegisterSimplePointerInterface
47:743  0:000  InternalRegisterSimplePointerInterface
47:743  0:000  InternalRegisterSimplePointerInterface
47:743  0:000  InternalRegisterSimplePointerInterface
47:743  0:000  OcOSInfoInstallProtocol
47:743  0:000  OCRTC: OcAppleRtcRamInstallProtocol
47:743  0:000  OCRTC: Wake log is 0x11 0x00   0 0x00
47:743  0:000  OcAppleFbInfoInstallProtocol
47:743  0:000  OC: Loading Apple Secure Boot with Disabled (level 0)
47:743  0:000  OCABC: RTDFRG 0 DEVMMIO 0 NOSU 0 NOVRWR 0 NOSB 0 NOHBMAP 0 SMSLIDE 0 WRUNPROT 0
47:743  0:000  OCABC: FEXITBS 0 PRMRG 0 CSLIDE 0 MSLIDE 0 PRSRV 0 RBMAP 0 VMAP 0 APPLOS 0 RTPERMS 0
47:744  0:000  OCABC: Awaiting rendezvous with OpenRuntime r11
47:744  0:000  OC: RBVR 0 DDBR 0
47:744  0:000  OC: Got 0 drivers
47:744  0:000  OCC: GOP exists on ConsoleOutHandle and has 5 modes
47:744  0:000  OC: Requested resolution is 0x0@0 (max: 0) from 
47:744  0:000  OCC: Using builtin text renderer with 1 scale
47:775  0:031  OCC: Install console control (7FD174E0/0/0), current - Success
47:775  0:000  OCC: Setup ASCII Output - Success
47:775  0:000  OC: Requested console mode is 0x0 (max: 0) from 
47:775  0:000  OC: Requested not to use audio
47:775  0:000  OC: OcMiscLateInit...
47:775  0:000  OC: Invalid HibernateMode: 
47:775  0:000  OC: Translated HibernateMode  to 0
47:775  0:000  OC: Hibernation detection status is Not Found
47:775  0:000  OC: OcLoadKernelSupport...
47:775  0:000  OC: All green, starting boot management...
47:777  0:001  OCB: Arch filtering 79F01018(739896)->79F01018(739896) caps 4 - Success
47:785  0:008  GetOSVersion: 11.6.4 (20G417)
47:785  0:000  Filtering KextPatches:
47:785  0:000   - [00]: AppleIntelBDWGraphicsFramebuffer (DVMT for AppleIntelBDWGraphicsFramebuffer (Credits DalianSky) for 10.14.x) :: BinPatch :: [OS: 11.6.4 | MatchOS: 10.14.x | MatchBuild: All] ==> not allowed
47:785  0:000   - [01]: AppleIntelSKLGraphicsFramebuffer (DVMT for AppleIntelSKLGraphicsFramebuffer﻿ (Credits DalianSky) for 10.14.x) :: BinPatch :: [OS: 11.6.4 | MatchOS: 10.14.x | MatchBuild: All] ==> not allowed
47:785  0:000   - [02]: AppleIntelKBLGraph﻿icsFramebuffer﻿﻿﻿ (DVMT for AppleIntelKBLGraphicsFramebuffer﻿ (Credits DalianSky) for 10.14.x) :: BinPatch :: [OS: 11.6.4 | MatchOS: 10.14.x | MatchBuild: All] ==> not allowed
47:785  0:000   - [03]: AppleIntelCFLGraphicsFramebuffer (DVMT for AppleIntelCFLGraphicsFramebuffer﻿ (Credits DalianSky) for 10.14.x) :: BinPatch :: [OS: 11.6.4 | MatchOS: 10.14.x | MatchBuild: All] ==> not allowed
47:785  0:000   - [04]: AppleIntelCFLGraphicsFramebuffer (DVMT for AppleIntelCFLGraphicsFramebuffer﻿ (Credits DalianSky) for 10.14.x) :: BinPatch :: [OS: 11.6.4 | MatchOS: 10.14.x | MatchBuild: All] ==> not allowed
47:785  0:000   - [05]: AppleIntelLpssI2C (Disable AppleIntelLpssI2C (credit by Coolstar)) :: PlistPatch :: [OS: 11.6.4 | MatchOS: All | MatchBuild: All] ==> allowed
47:785  0:000   - [06]: AppleIntelLpssI2CController (Disable AppleIntelLpssI2CCOntroller (credit by Coolstar)) :: PlistPatch :: [OS: 11.6.4 | MatchOS: All | MatchBuild: All] ==> allowed
47:785  0:000   - [07]: IOBufferCopyController (disable IOBufferCopyController (Credit by DalianSky)) :: PlistPatch :: [OS: 11.6.4 | MatchOS: All | MatchBuild: All] ==> allowed
47:785  0:000   - [08]: com.apple.driver.usb.AppleUSBXHCI (10.13.x USB Port Limit Patch) :: BinPatch :: [OS: 11.6.4 | MatchOS: 10.13.4,10.13.5 | MatchBuild: All] ==> not allowed
47:785  0:000   - [09]: com.apple.driver.usb.AppleUSBXHCI (USB 10.13.6 by PMHeart) :: BinPatch :: [OS: 11.6.4 | MatchOS: 10.13.6 | MatchBuild: All] ==> not allowed
47:786  0:000   - [10]: com.apple.iokit.IOUSBHostFamily (USB Port limit patch 10.14.x 10.15.x #1 modify by DalianSky(credits PMheart)) :: BinPatch :: [OS: 11.6.4 | MatchOS: All | MatchBuild: All] ==> allowed
47:786  0:000   - [11]: com.apple.iokit.IOUSBHostFamily (USB port limit patch 10.14.x modify by DalianSky(credit PMHeart)) :: BinPatch :: [OS: 11.6.4 | MatchOS: All | MatchBuild: All] ==> allowed
47:786  0:000   - [12]: com.apple.driver.usb.AppleUSBXHCI (USB Port limit patch 10.15.x #1 modify by DalianSky) :: BinPatch :: [OS: 11.6.4 | MatchOS: All | MatchBuild: All] ==> allowed
47:786  0:000   - [13]: com.apple.driver.usb.AppleUSBXHCI (USB Port limit patch 10.14.x modify by DalianSky(credits PMheart)) :: BinPatch :: [OS: 11.6.4 | MatchOS: All | MatchBuild: All] ==> allowed
47:786  0:000   - [14]: com.apple.driver.usb.AppleUSBXHCI (USB Port limit patch 10.14.x modify by DalianSky(credits PMheart)) :: BinPatch :: [OS: 11.6.4 | MatchOS: All | MatchBuild: All] ==> allowed
47:786  0:000   - [15]: AppleIntelKBLGraph﻿icsFramebuffer﻿﻿﻿ (NoLabel) :: BinPatch :: [OS: 11.6.4 | MatchOS: All | MatchBuild: All] ==> allowed
47:786  0:000  Filtering KernelPatches:
47:786  0:000   - [00]: MSR 0xE2 _xcpm_idle instant reboot(c) Pike R. Alpha :: [OS: 11.6.4 | MatchOS: All | MatchBuild: no] ==> allowed by OS
47:786  0:000  Will not patch boot.efi
47:786  0:000  Bridge AppleIntelLpssI2C patch to OC : AppleIntelLpssI2C (Disable AppleIntelLpssI2C (credit by Coolstar))
47:786  0:000  Bridge AppleIntelLpssI2CController patch to OC : AppleIntelLpssI2CController (Disable AppleIntelLpssI2CCOntroller (credit by Coolstar))
47:786  0:000  Bridge IOBufferCopyController patch to OC : IOBufferCopyController (disable IOBufferCopyController (Credit by DalianSky))
47:786  0:000  Bridge com.apple.iokit.IOUSBHostFamily patch to OC : com.apple.iokit.IOUSBHostFamily (USB Port limit patch 10.14.x 10.15.x #1 modify by DalianSky(credits PMheart))
47:786  0:000  Bridge com.apple.iokit.IOUSBHostFamily patch to OC : com.apple.iokit.IOUSBHostFamily (USB port limit patch 10.14.x modify by DalianSky(credit PMHeart))
47:786  0:000  Bridge com.apple.driver.usb.AppleUSBXHCI patch to OC : com.apple.driver.usb.AppleUSBXHCI (USB Port limit patch 10.15.x #1 modify by DalianSky)
47:786  0:000  Bridge com.apple.driver.usb.AppleUSBXHCI patch to OC : com.apple.driver.usb.AppleUSBXHCI (USB Port limit patch 10.14.x modify by DalianSky(credits PMheart))
47:786  0:000  Bridge com.apple.driver.usb.AppleUSBXHCI patch to OC : com.apple.driver.usb.AppleUSBXHCI (USB Port limit patch 10.14.x modify by DalianSky(credits PMheart))
47:786  0:000  Bridge AppleIntelKBLGraph﻿icsFramebuffer﻿﻿﻿ patch to OC : AppleIntelKBLGraph﻿icsFramebuffer﻿﻿﻿ (NoLabel)
47:786  0:000  Bridge kernel patch to OC : MSR 0xE2 _xcpm_idle instant reboot(c) Pike R. Alpha
47:786  0:000  === [ PatchSmbios ] =============================
47:786  0:000  insert table 9 for dev 14:3
47:786  0:000  Table 11 present, but rewritten for us
47:786  0:000  Trusting SMBIOS...
47:786  0:000  Detected alternating SMBIOS channel banks
47:786  0:000  Channels: 2
47:786  0:000  Interleave: 0 2 1 3 4 6 5 7 8 10 9 11 12 14 13 15 16 18 17 19 20 22 21 23
47:786  0:000  trusted SMBIOS data:
47:786  0:000  SmbiosTable.Type17->Vendor = SK Hynix
47:786  0:000  SmbiosTable.Type17->SerialNumber = 00000000
47:786  0:000  SmbiosTable.Type17->PartNumber = H5AN8G6NCJR-VKC     
47:786  0:000   partNum=H5AN8G6NCJR-VKC     
47:786  0:000  Type17->Manufacturer corrected by SMBIOS from NoName to SK Hynix
47:786  0:000  SMBIOS Type 17 Index = 0 => 0 0:
47:786  0:000  BANK 0 DIMM0 2667MHz 4096MB(Ext:0MB)
47:786  0:000  trusted SMBIOS data:
47:786  0:000  SmbiosTable.Type17->Vendor = SK Hynix
47:786  0:000  SmbiosTable.Type17->SerialNumber = 00000000
47:786  0:000  SmbiosTable.Type17->PartNumber = H5AN8G6NCJR-VKC     
47:786  0:000   partNum=H5AN8G6NCJR-VKC     
47:786  0:000  Type17->Manufacturer corrected by SMBIOS from NoName to SK Hynix
47:786  0:000  SMBIOS Type 17 Index = 1 => 1 2:
47:786  0:000  BANK 1 DIMM0 2667MHz 4096MB(Ext:0MB)
47:786  0:000  mTotalSystemMemory = 8192
47:786  0:000  NumberOfMemoryDevices = 2
47:786  0:000  Type20[0]->End = 0x3FFFFF, Type17[0] = 1000
47:786  0:000  Type20[1]->End = 0x3FFFFF, Type17[1] = 3000
47:786  0:000  === [ PatchACPI ] ===============================
47:786  0:000  Xsdt reallocation done
47:786  0:000  old FADT length=10C
47:786  0:000   SignatureFixup: 0x1124F874 -> 0x0
47:786  0:000  Found OperationRegion(GNVS, SystemMemory, 8FB83298, ...)
47:786  0:000  Found OperationRegion(OGNS, SystemMemory, 8FB79018, ...)
47:786  0:000  Found OperationRegion(NNVS, SystemMemory, 8EFE0000, ...)
47:786  0:000  Found OperationRegion(MDBG, SystemMemory, 8FB63018, ...)
47:786  0:000  Found OperationRegion(PNVA, SystemMemory, 8FB83018, ...)
47:786  0:000  Found OperationRegion(THBA, SystemMemory, FE200000, ...)
47:792  0:005  Found OperationRegion(ERAM, SystemMemory, FE708300, ...)
47:792  0:000  Found OperationRegion(CRAM, SystemMemory, FE708C00, ...)
47:792  0:000  Found OperationRegion(DRAM, SystemMemory, FE708200, ...)
47:792  0:000  Found OperationRegion(BNVS, SystemMemory, FFFF0000, ...)
47:800  0:007  Apply DsdtFixMask=0x10060054
47:800  0:000  === [ FixBiosDsdt ] =============================
47:801  0:000  Patching DSDT:
47:801  0:000   - [change EC0 to EC]: pattern 4543305F, patched at: [ (4605) ]
47:801  0:000   - [change H_EC to EC]: pattern 485F4543, bin not found / already patched!
47:801  0:000   - [change ECDV to EC]: pattern 45434456, bin not found / already patched!
47:802  0:000   - [Fix AsRock Z390 BIOS DSDT Device(RTC) bug]: pattern A00A9353, patched at: [ (163F9) ]
47:802  0:000   - [change _OSI to XOSI]: pattern 5F4F5349, patched at: [ (195BF) ]
47:803  0:001  found RTC Length not match, Maybe will cause CMOS reset, will patch it.
47:803  0:000  found RTC had IRQNoFlag will move -3 bytes
47:805  0:001  found PIC had IRQNoFlag will move -3 bytes
47:806  0:000  Start HPET Fix
47:807  0:001    indirect name=PNVB
47:807  0:000  OperationRegion (THBA...) corrected from 0x0 to addr=0xFE200000
47:808  0:000    indirect name=TNVB
47:808  0:000  PreCleanup XSDT: count=27, length=252
47:808  0:000  PreCleanup XSDT, corrected XSDT: count=27, length=252
47:808  0:000  === [ ACPIDropTables ] ==========================
47:808  0:000  Drop tables from XSDT, SIGN=DMAR TableID=EDK2     Length=168
47:808  0:000   Table[24]: DMAR  EDK2      168 dropped
47:808  0:000  Patching SSDTs: 5 patches each
47:808  0:000   pattern 4543305F, patched at: [ (726) ]
47:808  0:000   pattern 485F4543, bin not found / already patched!
47:808  0:000   pattern 45434456, bin not found / already patched!
47:808  0:000   pattern A00A9353, bin not found / already patched!
47:808  0:000   pattern 5F4F5349, bin not found / already patched!
47:808  0:000  Patching SSDTs: 5 patches each
47:808  0:000   pattern 4543305F, bin not found / already patched!
47:809  0:000   pattern 485F4543, bin not found / already patched!
47:809  0:000   pattern 45434456, bin not found / already patched!
47:809  0:000   pattern A00A9353, bin not found / already patched!
47:809  0:000   pattern 5F4F5349, bin not found / already patched!
47:809  0:000  Found OperationRegion(PNVS, SystemMemory, 8FDCD000, ...)
47:809  0:000  Patching SSDTs: 5 patches each
47:809  0:000   pattern 4543305F, bin not found / already patched!
47:809  0:000   pattern 485F4543, bin not found / already patched!
47:809  0:000   pattern 45434456, bin not found / already patched!
47:809  0:000   pattern A00A9353, bin not found / already patched!
47:809  0:000   pattern 5F4F5349, bin not found / already patched!
47:809  0:000  Found OperationRegion(SANV, SystemMemory, 8FB83D18, ...)
47:809  0:000  Patching SSDTs: 5 patches each
47:809  0:000   pattern 4543305F, bin not found / already patched!
47:809  0:000   pattern 485F4543, bin not found / already patched!
47:809  0:000   pattern 45434456, bin not found / already patched!
47:809  0:000   pattern A00A9353, bin not found / already patched!
47:809  0:000   pattern 5F4F5349, bin not found / already patched!
47:809  0:000  Found OperationRegion(FHCI, SystemMemory, FED40000, ...)
47:809  0:000  Found OperationRegion(TNVS, SystemMemory, 8FB7C000, ...)
47:809  0:000  Patching SSDTs: 5 patches each
47:809  0:000   pattern 4543305F, bin not found / already patched!
47:809  0:000   pattern 485F4543, bin not found / already patched!
47:809  0:000   pattern 45434456, bin not found / already patched!
47:809  0:000   pattern A00A9353, bin not found / already patched!
47:809  0:000   pattern 5F4F5349, bin not found / already patched!
47:809  0:000  Found OperationRegion(MENV, SystemMemory, 8FB83F98, ...)
47:809  0:000  Patching SSDTs: 5 patches each
47:809  0:000   pattern 4543305F, patched at: [ (1BC) ]
47:809  0:000   pattern 485F4543, bin not found / already patched!
47:809  0:000   pattern 45434456, bin not found / already patched!
47:809  0:000   pattern A00A9353, bin not found / already patched!
47:809  0:000   pattern 5F4F5349, bin not found / already patched!
47:809  0:000  Found OperationRegion(HNVS, SystemMemory, 8FB7B000, ...)
47:809  0:000  Patching SSDTs: 5 patches each
47:809  0:000   pattern 4543305F, bin not found / already patched!
47:809  0:000   pattern 485F4543, bin not found / already patched!
47:809  0:000   pattern 45434456, bin not found / already patched!
47:809  0:000   pattern A00A9353, bin not found / already patched!
47:809  0:000   pattern 5F4F5349, bin not found / already patched!
47:809  0:000  Patching SSDTs: 5 patches each
47:809  0:000   pattern 4543305F, bin not found / already patched!
47:809  0:000   pattern 485F4543, patched at: [ (116) ]
47:809  0:000   pattern 45434456, bin not found / already patched!
47:809  0:000   pattern A00A9353, bin not found / already patched!
47:809  0:000   pattern 5F4F5349, bin not found / already patched!
47:809  0:000  Patching SSDTs: 5 patches each
47:809  0:000   pattern 4543305F, bin not found / already patched!
47:809  0:000   pattern 485F4543, bin not found / already patched!
47:809  0:000   pattern 45434456, bin not found / already patched!
47:809  0:000   pattern A00A9353, bin not found / already patched!
47:809  0:000   pattern 5F4F5349, bin not found / already patched!
47:809  0:000  Patching SSDTs: 5 patches each
47:809  0:000   pattern 4543305F, bin not found / already patched!
47:809  0:000   pattern 485F4543, patched at: [ (A19) ]
47:809  0:000   pattern 45434456, bin not found / already patched!
47:809  0:000   pattern A00A9353, bin not found / already patched!
47:809  0:000   pattern 5F4F5349, bin not found / already patched!
47:809  0:000  Patching SSDTs: 5 patches each
47:809  0:000   pattern 4543305F, patched at: [ (31D) ]
47:809  0:000   pattern 485F4543, bin not found / already patched!
47:809  0:000   pattern 45434456, bin not found / already patched!
47:809  0:000   pattern A00A9353, bin not found / already patched!
47:809  0:000   pattern 5F4F5349, bin not found / already patched!
47:809  0:000  Patching SSDTs: 5 patches each
47:809  0:000   pattern 4543305F, bin not found / already patched!
47:809  0:000   pattern 485F4543, bin not found / already patched!
47:809  0:000   pattern 45434456, bin not found / already patched!
47:809  0:000   pattern A00A9353, bin not found / already patched!
47:809  0:000   pattern 5F4F5349, bin not found / already patched!
47:809  0:000  Found OperationRegion(GPCD, SystemMemory, 8F361000, ...)
47:809  0:000  === [ ACPIPatchedAML ] ==========================
47:809  0:000  Unsorted
47:809  0:000  Inserting SSDT-XOSI.aml from \EFI\CLOVER\ACPI\patched: size=348 ... Success
47:809  0:000  Inserting SSDT-XCPM.aml from \EFI\CLOVER\ACPI\patched: size=187 ... Success
47:810  0:000  Inserting SSDT-SMBUS.aml from \EFI\CLOVER\ACPI\patched: size=138 ... Success
47:810  0:000  Inserting SSDT-SBUS.aml from \EFI\CLOVER\ACPI\patched: size=162 ... Success
47:810  0:000  Inserting SSDT-SATA-Auto.aml from \EFI\CLOVER\ACPI\patched: size=351 ... Success
47:810  0:000  Inserting SSDT-RTC0.aml from \EFI\CLOVER\ACPI\patched: size=142 ... Success
47:810  0:000  Inserting SSDT-PTSWAK.aml from \EFI\CLOVER\ACPI\patched: size=243 ... Success
47:810  0:000  Inserting SSDT-PNLF.aml from \EFI\CLOVER\ACPI\patched: size=1028 ... Success
47:813  0:003  Inserting SSDT-PMCR and PPMC.aml from \EFI\CLOVER\ACPI\patched: size=108 ... Success
47:813  0:000  Inserting SSDT-LPC-Auto.aml from \EFI\CLOVER\ACPI\patched: size=146 ... Success
47:813  0:000  Inserting SSDT-LAN.aml from \EFI\CLOVER\ACPI\patched: size=240 ... Success
47:813  0:000  Inserting SSDT-I2C.aml from \EFI\CLOVER\ACPI\patched: size=196 ... Success
47:813  0:000  Inserting SSDT-GPRW.aml from \EFI\CLOVER\ACPI\patched: size=91 ... Success
47:813  0:000  Inserting SSDT-FREQ.aml from \EFI\CLOVER\ACPI\patched: size=65982 ... Success
47:813  0:000  Inserting SSDT-EC-USBX.aml from \EFI\CLOVER\ACPI\patched: wrong table
47:813  0:000  Inserting SSDT-CC-ALC256.aml from \EFI\CLOVER\ACPI\patched: size=417 ... Success
47:813  0:000  Inserting SSDT-BATT.aml from \EFI\CLOVER\ACPI\patched: size=3240 ... Success
47:813  0:000  ApicCPUNum=8
47:813  0:000  Maximum control=0x15
47:813  0:000  Turbo control=0x2A
47:813  0:000  P-States: min 0x4, max 0x2A
47:813  0:000  SSDT with plugin-type without P-States is generated
47:813  0:000  Cleanup XSDT: count=44, length=388
47:813  0:000  corrected XSDT count=43, length=380
47:813  0:000  === [ RestSetup macOS ] =========================
47:813  0:000  EdidDiscovered size=128
47:813  0:000  --- Discovered EDID Table size:128
47:813  0:000  000  |  00  FF  FF  FF  FF  FF  FF  00  09  E5
47:813  0:000  010  |  72  08  00  00  00  00  1A  1D  01  04
47:813  0:000  020  |  95  22  13  78  02  C9  A0  95  5D  59
47:813  0:000  030  |  94  29  24  50  54  00  00  00  01  01
47:813  0:000  040  |  01  01  01  01  01  01  01  01  01  01
47:813  0:000  050  |  01  01  01  01  9C  3B  80  36  71  38
47:813  0:000  060  |  3C  40  30  20  36  00  58  C2  10  00
47:813  0:000  070  |  00  1A  00  00  00  00  00  00  00  00
47:813  0:000  080  |  00  00  00  00  00  00  00  00  00  1A
47:813  0:000  090  |  00  00  00  FE  00  42  4F  45  20  43
47:813  0:000  100  |  51  0A  20  20  20  20  20  20  00  00
47:813  0:000  110  |  00  FE  00  54  56  31  35  36  46  48
47:813  0:000  120  |  4D  2D  4E  48  31  0A  00  D0
47:813  0:000  add device: PciRoot(0x0)/Pci(0x2,0x0)
47:813  0:000     Add key=framebuffer-stolenmem valuelen=4
47:813  0:000     Add key=framebuffer-patch-enable valuelen=4
47:813  0:000     Add key=framebuffer-fbmem valuelen=4
47:813  0:000     Add key=disable-external-gpu valuelen=4
47:813  0:000  add device: #PciRoot(0x0)/Pci(0x1C,0x5)/Pci(0x0,0x0)
47:813  0:000     Add key=pci-aspm-default valuelen=4
47:813  0:000     Add key=name valuelen=8
47:813  0:000     Add key=model valuelen=36
47:813  0:000     Add key=device_type valuelen=16
47:813  0:000     Add key=AAPL,slot-name valuelen=5
47:813  0:000  Intel GFX injection not set
47:813  0:000  Intel GFX IntelBacklight
47:813  0:000    LEV2 = 0x80000000, LEVL = 0x0, P0BL = 0xC25, GRAN = 0xF00
47:813  0:000    LEVW = 0x80000000, LEVX = 0x1D4C0, LEVD = 0x89DE, PCHL = 0x0
47:813  0:000    Write macOS LEVW: 0xC0000000
47:813  0:000    Read default Framebuffer LEVX: 0xFFFF
47:813  0:000    Write new LEVD: 0x1D4C0
47:814  0:000   RCBA disabled; cannot use it
47:814  0:000  stringlength = 1100
47:814  0:000  CurrentMode: Width=1920 Height=1080
47:815  0:001  Use origin smbios table type 1 guid.
47:815  0:000  SetStartupDiskVolume:
47:815  0:000    * Volume: 'Preboot'
47:815  0:000    * LoaderPath: '\55434776-4784-383C-A640-07DB4D0F24B5\System\Library\CoreServices\boot.efi'
47:815  0:000    * DevPath: Preboot
47:815  0:000    * GUID = 9C7DAD2B-BC36-4E8B-A6F6-4AD9970993AA
47:815  0:000    * efi-boot-device: <array><dict><key>IOMatch</key><dict><key>IOProviderClass</key><string>IOMedia</string><key>IOPropertyMatch</key><dict><key>UUID</key><string>9C7DAD2B-BC36-4E8B-A6F6-4AD9970993AA</string></dict></dict></dict></array>
47:815  0:000  Custom boot screen not used because entry has unset use graphics
47:816  0:000  Closing log
